2024/10/14 22:25:17 main.go:13: test
2024/10/14 22:39:57 base.go:35: missing "=" after "webapp.sql" in connection info string"
2024/10/14 22:47:36 base.go:41: dial tcp [::1]:5432: connect: connection refused
2024/10/14 22:55:05 base.go:41: pq: password authentication failed for user "postges"
2024/10/14 22:55:06 base.go:41: pq: password authentication failed for user "postges"
2024/10/14 22:55:07 base.go:41: pq: password authentication failed for user "postges"
2024/10/14 22:55:08 base.go:41: pq: password authentication failed for user "postges"
2024/10/14 22:55:10 base.go:41: pq: password authentication failed for user "postges"
2024/10/14 22:55:12 base.go:41: pq: password authentication failed for user "postges"
2024/10/14 22:55:15 base.go:41: pq: password authentication failed for user "postges"
2024/10/14 22:55:22 base.go:41: pq: password authentication failed for user "postges"
2024/10/14 22:55:35 base.go:41: pq: password authentication failed for user "postges"
2024/10/14 22:56:01 base.go:41: pq: password authentication failed for user "postges"
2024/10/14 22:56:39 base.go:41: pq: database "webapp.sql" does not exist
2024/10/14 22:56:40 base.go:41: pq: database "webapp.sql" does not exist
2024/10/14 22:56:41 base.go:41: pq: database "webapp.sql" does not exist
2024/10/14 22:56:42 base.go:41: pq: database "webapp.sql" does not exist
2024/10/14 22:56:43 base.go:41: pq: database "webapp.sql" does not exist
2024/10/14 22:56:45 base.go:41: pq: database "webapp.sql" does not exist
2024/10/14 22:56:49 base.go:41: pq: database "webapp.sql" does not exist
2024/10/14 22:58:54 base.go:41: pq: database "webapp.sql" does not exist
2024/10/14 23:00:32 base.go:41: pq: database "webapp" does not exist
2024/10/14 23:01:14 base.go:41: pq: database "webapp" does not exist
2024/10/15 15:21:00 users.go:33: pq: syntax error at or near ","
2024/10/15 15:23:02 users.go:33: pq: INSERT has more target columns than expressions
2024/10/15 22:15:30 users.go:60: pq: syntax error at or near "where"
2024/10/15 22:46:42 base.go:57: Error creating todos table: pq: syntax error at or near "user"
2024/10/15 22:53:58 base.go:62: Error creating index on todos table: pq: relation "user_todos" already exists
2024/10/15 22:54:22 base.go:62: Error creating index on todos table: pq: syntax error at or near "not"
2024/10/15 22:54:29 todos.go:19: pq: insert or update on table "todos" violates foreign key constraint "fk_user_id"
2024/10/15 22:54:59 todos.go:19: pq: insert or update on table "todos" violates foreign key constraint "fk_user_id"
2024/10/16 22:27:35 todos.go:85: pq: syntax error at or near "from"
2024/10/16 22:30:23 todos.go:94: pq: syntax error at or near "todos"
2024/10/18 10:56:19 server.go:3418: http: panic serving 172.21.0.1:37170: runtime error: index out of range [2] with length 2
goroutine 18 [running]:
net/http.(*conn).serve.func1()
	/usr/local/go/src/net/http/server.go:1903 +0xbe
panic({0x7ed880?, 0xc0002480c0?})
	/usr/local/go/src/runtime/panic.go:770 +0x132
udemy-todo-app/app/controllers.StartMainServer.parseURL.func1({0x8ba6f0, 0xc00023a9a0}, 0xc00025e6c0)
	/app/app/controllers/server.go:43 +0xcf
net/http.HandlerFunc.ServeHTTP(0xb3c400?, {0x8ba6f0?, 0xc00023a9a0?}, 0x6ae25a?)
	/usr/local/go/src/net/http/server.go:2171 +0x29
net/http.(*ServeMux).ServeHTTP(0x46bdb9?, {0x8ba6f0, 0xc00023a9a0}, 0xc00025e6c0)
	/usr/local/go/src/net/http/server.go:2688 +0x1ad
net/http.serverHandler.ServeHTTP({0xc000214ba0?}, {0x8ba6f0?, 0xc00023a9a0?}, 0x6?)
	/usr/local/go/src/net/http/server.go:3142 +0x8e
net/http.(*conn).serve(0xc000252090, {0x8bb120, 0xc000214ab0})
	/usr/local/go/src/net/http/server.go:2044 +0x5e8
created by net/http.(*Server).Serve in goroutine 1
	/usr/local/go/src/net/http/server.go:3290 +0x4b4
2024/10/18 10:56:19 server.go:3418: http: panic serving 172.21.0.1:48310: runtime error: index out of range [2] with length 2
goroutine 21 [running]:
net/http.(*conn).serve.func1()
	/usr/local/go/src/net/http/server.go:1903 +0xbe
panic({0x7ed880?, 0xc000248108?})
	/usr/local/go/src/runtime/panic.go:770 +0x132
udemy-todo-app/app/controllers.StartMainServer.parseURL.func1({0x8ba6f0, 0xc00023ab60}, 0xc00025e7e0)
	/app/app/controllers/server.go:43 +0xcf
net/http.HandlerFunc.ServeHTTP(0xb3c400?, {0x8ba6f0?, 0xc00023ab60?}, 0x6ae25a?)
	/usr/local/go/src/net/http/server.go:2171 +0x29
net/http.(*ServeMux).ServeHTTP(0x46bdb9?, {0x8ba6f0, 0xc00023ab60}, 0xc00025e7e0)
	/usr/local/go/src/net/http/server.go:2688 +0x1ad
net/http.serverHandler.ServeHTTP({0xc000214de0?}, {0x8ba6f0?, 0xc00023ab60?}, 0x6?)
	/usr/local/go/src/net/http/server.go:3142 +0x8e
net/http.(*conn).serve(0xc0002522d0, {0x8bb120, 0xc000214ab0})
	/usr/local/go/src/net/http/server.go:2044 +0x5e8
created by net/http.(*Server).Serve in goroutine 1
	/usr/local/go/src/net/http/server.go:3290 +0x4b4
2024/10/18 10:56:20 server.go:3418: http: panic serving 172.21.0.1:48314: runtime error: index out of range [2] with length 2
goroutine 23 [running]:
net/http.(*conn).serve.func1()
	/usr/local/go/src/net/http/server.go:1903 +0xbe
panic({0x7ed880?, 0xc000248150?})
	/usr/local/go/src/runtime/panic.go:770 +0x132
udemy-todo-app/app/controllers.StartMainServer.parseURL.func1({0x8ba6f0, 0xc00023ad20}, 0xc00025e900)
	/app/app/controllers/server.go:43 +0xcf
net/http.HandlerFunc.ServeHTTP(0xb3c400?, {0x8ba6f0?, 0xc00023ad20?}, 0x6ae25a?)
	/usr/local/go/src/net/http/server.go:2171 +0x29
net/http.(*ServeMux).ServeHTTP(0x46bdb9?, {0x8ba6f0, 0xc00023ad20}, 0xc00025e900)
	/usr/local/go/src/net/http/server.go:2688 +0x1ad
net/http.serverHandler.ServeHTTP({0xc000214f30?}, {0x8ba6f0?, 0xc00023ad20?}, 0x6?)
	/usr/local/go/src/net/http/server.go:3142 +0x8e
net/http.(*conn).serve(0xc000252480, {0x8bb120, 0xc000214ab0})
	/usr/local/go/src/net/http/server.go:2044 +0x5e8
created by net/http.(*Server).Serve in goroutine 1
	/usr/local/go/src/net/http/server.go:3290 +0x4b4
2024/10/18 10:56:25 server.go:3418: http: panic serving 172.21.0.1:48328: runtime error: index out of range [2] with length 2
goroutine 35 [running]:
net/http.(*conn).serve.func1()
	/usr/local/go/src/net/http/server.go:1903 +0xbe
panic({0x7ed880?, 0xc0001160d8?})
	/usr/local/go/src/runtime/panic.go:770 +0x132
udemy-todo-app/app/controllers.StartMainServer.parseURL.func1({0x8ba6f0, 0xc00011a1c0}, 0xc000114ea0)
	/app/app/controllers/server.go:43 +0xcf
net/http.HandlerFunc.ServeHTTP(0xb3c400?, {0x8ba6f0?, 0xc00011a1c0?}, 0x6ae25a?)
	/usr/local/go/src/net/http/server.go:2171 +0x29
net/http.(*ServeMux).ServeHTTP(0x46bdb9?, {0x8ba6f0, 0xc00011a1c0}, 0xc000114ea0)
	/usr/local/go/src/net/http/server.go:2688 +0x1ad
net/http.serverHandler.ServeHTTP({0xc0001135f0?}, {0x8ba6f0?, 0xc00011a1c0?}, 0x6?)
	/usr/local/go/src/net/http/server.go:3142 +0x8e
net/http.(*conn).serve(0xc000118240, {0x8bb120, 0xc000214ab0})
	/usr/local/go/src/net/http/server.go:2044 +0x5e8
created by net/http.(*Server).Serve in goroutine 1
	/usr/local/go/src/net/http/server.go:3290 +0x4b4
2024/10/18 10:56:55 server.go:3418: http: panic serving 172.21.0.1:37726: runtime error: index out of range [2] with length 2
goroutine 37 [running]:
net/http.(*conn).serve.func1()
	/usr/local/go/src/net/http/server.go:1903 +0xbe
panic({0x7ed880?, 0xc000116120?})
	/usr/local/go/src/runtime/panic.go:770 +0x132
udemy-todo-app/app/controllers.StartMainServer.parseURL.func1({0x8ba6f0, 0xc00011a380}, 0xc000114fc0)
	/app/app/controllers/server.go:43 +0xcf
net/http.HandlerFunc.ServeHTTP(0xb3c400?, {0x8ba6f0?, 0xc00011a380?}, 0x6ae25a?)
	/usr/local/go/src/net/http/server.go:2171 +0x29
net/http.(*ServeMux).ServeHTTP(0x46bdb9?, {0x8ba6f0, 0xc00011a380}, 0xc000114fc0)
	/usr/local/go/src/net/http/server.go:2688 +0x1ad
net/http.serverHandler.ServeHTTP({0xc000113740?}, {0x8ba6f0?, 0xc00011a380?}, 0x6?)
	/usr/local/go/src/net/http/server.go:3142 +0x8e
net/http.(*conn).serve(0xc0001183f0, {0x8bb120, 0xc000214ab0})
	/usr/local/go/src/net/http/server.go:2044 +0x5e8
created by net/http.(*Server).Serve in goroutine 1
	/usr/local/go/src/net/http/server.go:3290 +0x4b4
2024/10/18 10:57:55 server.go:3418: http: panic serving 172.21.0.1:52342: runtime error: index out of range [2] with length 2
goroutine 25 [running]:
net/http.(*conn).serve.func1()
	/usr/local/go/src/net/http/server.go:1903 +0xbe
panic({0x7ed880?, 0xc000248198?})
	/usr/local/go/src/runtime/panic.go:770 +0x132
udemy-todo-app/app/controllers.StartMainServer.parseURL.func1({0x8ba6f0, 0xc00023aee0}, 0xc00025ea20)
	/app/app/controllers/server.go:43 +0xcf
net/http.HandlerFunc.ServeHTTP(0xb3c400?, {0x8ba6f0?, 0xc00023aee0?}, 0x6ae25a?)
	/usr/local/go/src/net/http/server.go:2171 +0x29
net/http.(*ServeMux).ServeHTTP(0x46bdb9?, {0x8ba6f0, 0xc00023aee0}, 0xc00025ea20)
	/usr/local/go/src/net/http/server.go:2688 +0x1ad
net/http.serverHandler.ServeHTTP({0xc000215080?}, {0x8ba6f0?, 0xc00023aee0?}, 0x6?)
	/usr/local/go/src/net/http/server.go:3142 +0x8e
net/http.(*conn).serve(0xc000252630, {0x8bb120, 0xc000214ab0})
	/usr/local/go/src/net/http/server.go:2044 +0x5e8
created by net/http.(*Server).Serve in goroutine 1
	/usr/local/go/src/net/http/server.go:3290 +0x4b4
2024/10/18 14:19:08 server.go:3418: http: panic serving 172.21.0.1:46398: runtime error: index out of range [2] with length 2
goroutine 39 [running]:
net/http.(*conn).serve.func1()
	/usr/local/go/src/net/http/server.go:1903 +0xbe
panic({0x7ed880?, 0xc000116168?})
	/usr/local/go/src/runtime/panic.go:770 +0x132
udemy-todo-app/app/controllers.StartMainServer.parseURL.func1({0x8ba6f0, 0xc00011a540}, 0xc0001150e0)
	/app/app/controllers/server.go:43 +0xcf
net/http.HandlerFunc.ServeHTTP(0xb3c400?, {0x8ba6f0?, 0xc00011a540?}, 0x6ae25a?)
	/usr/local/go/src/net/http/server.go:2171 +0x29
net/http.(*ServeMux).ServeHTTP(0x46bdb9?, {0x8ba6f0, 0xc00011a540}, 0xc0001150e0)
	/usr/local/go/src/net/http/server.go:2688 +0x1ad
net/http.serverHandler.ServeHTTP({0xc0001138f0?}, {0x8ba6f0?, 0xc00011a540?}, 0x6?)
	/usr/local/go/src/net/http/server.go:3142 +0x8e
net/http.(*conn).serve(0xc0001185a0, {0x8bb120, 0xc000214ab0})
	/usr/local/go/src/net/http/server.go:2044 +0x5e8
created by net/http.(*Server).Serve in goroutine 1
	/usr/local/go/src/net/http/server.go:3290 +0x4b4
2024/10/18 15:02:29 server.go:3418: http: panic serving 172.21.0.1:34632: runtime error: index out of range [2] with length 2
goroutine 44 [running]:
net/http.(*conn).serve.func1()
	/usr/local/go/src/net/http/server.go:1903 +0xbe
panic({0x7ed880?, 0xc00001c6d8?})
	/usr/local/go/src/runtime/panic.go:770 +0x132
udemy-todo-app/app/controllers.StartMainServer.parseURL.func1({0x8ba6f0, 0xc0001d2a80}, 0xc00030eb40)
	/app/app/controllers/server.go:43 +0xcf
net/http.HandlerFunc.ServeHTTP(0xb3c400?, {0x8ba6f0?, 0xc0001d2a80?}, 0x6ae25a?)
	/usr/local/go/src/net/http/server.go:2171 +0x29
net/http.(*ServeMux).ServeHTTP(0x46bdb9?, {0x8ba6f0, 0xc0001d2a80}, 0xc00030eb40)
	/usr/local/go/src/net/http/server.go:2688 +0x1ad
net/http.serverHandler.ServeHTTP({0xc0001771d0?}, {0x8ba6f0?, 0xc0001d2a80?}, 0x6?)
	/usr/local/go/src/net/http/server.go:3142 +0x8e
net/http.(*conn).serve(0xc000118c60, {0x8bb120, 0xc000214ab0})
	/usr/local/go/src/net/http/server.go:2044 +0x5e8
created by net/http.(*Server).Serve in goroutine 1
	/usr/local/go/src/net/http/server.go:3290 +0x4b4
2024/10/18 15:02:29 server.go:3418: http: panic serving 172.21.0.1:58506: runtime error: index out of range [2] with length 2
goroutine 50 [running]:
net/http.(*conn).serve.func1()
	/usr/local/go/src/net/http/server.go:1903 +0xbe
panic({0x7ed880?, 0xc00001c720?})
	/usr/local/go/src/runtime/panic.go:770 +0x132
udemy-todo-app/app/controllers.StartMainServer.parseURL.func1({0x8ba6f0, 0xc0001d2c40}, 0xc00030ec60)
	/app/app/controllers/server.go:43 +0xcf
net/http.HandlerFunc.ServeHTTP(0xb3c400?, {0x8ba6f0?, 0xc0001d2c40?}, 0x6ae25a?)
	/usr/local/go/src/net/http/server.go:2171 +0x29
net/http.(*ServeMux).ServeHTTP(0x46bdb9?, {0x8ba6f0, 0xc0001d2c40}, 0xc00030ec60)
	/usr/local/go/src/net/http/server.go:2688 +0x1ad
net/http.serverHandler.ServeHTTP({0xc000314570?}, {0x8ba6f0?, 0xc0001d2c40?}, 0x6?)
	/usr/local/go/src/net/http/server.go:3142 +0x8e
net/http.(*conn).serve(0xc0001ceab0, {0x8bb120, 0xc000214ab0})
	/usr/local/go/src/net/http/server.go:2044 +0x5e8
created by net/http.(*Server).Serve in goroutine 1
	/usr/local/go/src/net/http/server.go:3290 +0x4b4
2024/10/18 15:29:01 server.go:3418: http: panic serving 172.21.0.1:46660: runtime error: index out of range [2] with length 2
goroutine 10 [running]:
net/http.(*conn).serve.func1()
	/usr/local/go/src/net/http/server.go:1903 +0xbe
panic({0x7ed880?, 0xc000132150?})
	/usr/local/go/src/runtime/panic.go:770 +0x132
udemy-todo-app/app/controllers.StartMainServer.parseURL.func1({0x8ba6f0, 0xc000124460}, 0xc00013bb00)
	/app/app/controllers/server.go:43 +0xcf
net/http.HandlerFunc.ServeHTTP(0xb3c400?, {0x8ba6f0?, 0xc000124460?}, 0x6ae25a?)
	/usr/local/go/src/net/http/server.go:2171 +0x29
net/http.(*ServeMux).ServeHTTP(0x46bdb9?, {0x8ba6f0, 0xc000124460}, 0xc00013bb00)
	/usr/local/go/src/net/http/server.go:2688 +0x1ad
net/http.serverHandler.ServeHTTP({0xc0001f6000?}, {0x8ba6f0?, 0xc000124460?}, 0x6?)
	/usr/local/go/src/net/http/server.go:3142 +0x8e
net/http.(*conn).serve(0xc0001ce120, {0x8bb120, 0xc0000abe90})
	/usr/local/go/src/net/http/server.go:2044 +0x5e8
created by net/http.(*Server).Serve in goroutine 1
	/usr/local/go/src/net/http/server.go:3290 +0x4b4
2024/10/18 15:29:01 server.go:3418: http: panic serving 172.21.0.1:33960: runtime error: index out of range [2] with length 2
goroutine 37 [running]:
net/http.(*conn).serve.func1()
	/usr/local/go/src/net/http/server.go:1903 +0xbe
panic({0x7ed880?, 0xc000132198?})
	/usr/local/go/src/runtime/panic.go:770 +0x132
udemy-todo-app/app/controllers.StartMainServer.parseURL.func1({0x8ba6f0, 0xc000124620}, 0xc00013bc20)
	/app/app/controllers/server.go:43 +0xcf
net/http.HandlerFunc.ServeHTTP(0xb3c400?, {0x8ba6f0?, 0xc000124620?}, 0x6ae25a?)
	/usr/local/go/src/net/http/server.go:2171 +0x29
net/http.(*ServeMux).ServeHTTP(0x46bdb9?, {0x8ba6f0, 0xc000124620}, 0xc00013bc20)
	/usr/local/go/src/net/http/server.go:2688 +0x1ad
net/http.serverHandler.ServeHTTP({0xc00017cd80?}, {0x8ba6f0?, 0xc000124620?}, 0x6?)
	/usr/local/go/src/net/http/server.go:3142 +0x8e
net/http.(*conn).serve(0xc00011c5a0, {0x8bb120, 0xc0000abe90})
	/usr/local/go/src/net/http/server.go:2044 +0x5e8
created by net/http.(*Server).Serve in goroutine 1
	/usr/local/go/src/net/http/server.go:3290 +0x4b4
2024/10/18 15:29:03 server.go:3418: http: panic serving 172.21.0.1:33968: runtime error: index out of range [2] with length 2
goroutine 39 [running]:
net/http.(*conn).serve.func1()
	/usr/local/go/src/net/http/server.go:1903 +0xbe
panic({0x7ed880?, 0xc0001321e0?})
	/usr/local/go/src/runtime/panic.go:770 +0x132
udemy-todo-app/app/controllers.StartMainServer.parseURL.func1({0x8ba6f0, 0xc0001247e0}, 0xc00013bd40)
	/app/app/controllers/server.go:43 +0xcf
net/http.HandlerFunc.ServeHTTP(0xb3c400?, {0x8ba6f0?, 0xc0001247e0?}, 0x6ae25a?)
	/usr/local/go/src/net/http/server.go:2171 +0x29
net/http.(*ServeMux).ServeHTTP(0x46bdb9?, {0x8ba6f0, 0xc0001247e0}, 0xc00013bd40)
	/usr/local/go/src/net/http/server.go:2688 +0x1ad
net/http.serverHandler.ServeHTTP({0xc00017ced0?}, {0x8ba6f0?, 0xc0001247e0?}, 0x6?)
	/usr/local/go/src/net/http/server.go:3142 +0x8e
net/http.(*conn).serve(0xc00011c750, {0x8bb120, 0xc0000abe90})
	/usr/local/go/src/net/http/server.go:2044 +0x5e8
created by net/http.(*Server).Serve in goroutine 1
	/usr/local/go/src/net/http/server.go:3290 +0x4b4
2024/10/18 15:29:08 server.go:3418: http: panic serving 172.21.0.1:33972: runtime error: index out of range [2] with length 2
goroutine 41 [running]:
net/http.(*conn).serve.func1()
	/usr/local/go/src/net/http/server.go:1903 +0xbe
panic({0x7ed880?, 0xc000132228?})
	/usr/local/go/src/runtime/panic.go:770 +0x132
udemy-todo-app/app/controllers.StartMainServer.parseURL.func1({0x8ba6f0, 0xc0001249a0}, 0xc00013be60)
	/app/app/controllers/server.go:43 +0xcf
net/http.HandlerFunc.ServeHTTP(0xb3c400?, {0x8ba6f0?, 0xc0001249a0?}, 0x6ae25a?)
	/usr/local/go/src/net/http/server.go:2171 +0x29
net/http.(*ServeMux).ServeHTTP(0x46bdb9?, {0x8ba6f0, 0xc0001249a0}, 0xc00013be60)
	/usr/local/go/src/net/http/server.go:2688 +0x1ad
net/http.serverHandler.ServeHTTP({0xc00017d020?}, {0x8ba6f0?, 0xc0001249a0?}, 0x6?)
	/usr/local/go/src/net/http/server.go:3142 +0x8e
net/http.(*conn).serve(0xc00011c900, {0x8bb120, 0xc0000abe90})
	/usr/local/go/src/net/http/server.go:2044 +0x5e8
created by net/http.(*Server).Serve in goroutine 1
	/usr/local/go/src/net/http/server.go:3290 +0x4b4
2024/10/18 15:29:37 server.go:3418: http: panic serving 172.21.0.1:48256: runtime error: index out of range [2] with length 2
goroutine 34 [running]:
net/http.(*conn).serve.func1()
	/usr/local/go/src/net/http/server.go:1903 +0xbe
panic({0x7ed880?, 0xc000250078?})
	/usr/local/go/src/runtime/panic.go:770 +0x132
udemy-todo-app/app/controllers.StartMainServer.parseURL.func1({0x8ba6f0, 0xc0002428c0}, 0xc000266240)
	/app/app/controllers/server.go:43 +0xcf
net/http.HandlerFunc.ServeHTTP(0xb3c400?, {0x8ba6f0?, 0xc0002428c0?}, 0x6ae25a?)
	/usr/local/go/src/net/http/server.go:2171 +0x29
net/http.(*ServeMux).ServeHTTP(0x46bdb9?, {0x8ba6f0, 0xc0002428c0}, 0xc000266240)
	/usr/local/go/src/net/http/server.go:2688 +0x1ad
net/http.serverHandler.ServeHTTP({0xc00021cb70?}, {0x8ba6f0?, 0xc0002428c0?}, 0x6?)
	/usr/local/go/src/net/http/server.go:3142 +0x8e
net/http.(*conn).serve(0xc00025a090, {0x8bb120, 0xc00021ca80})
	/usr/local/go/src/net/http/server.go:2044 +0x5e8
created by net/http.(*Server).Serve in goroutine 1
	/usr/local/go/src/net/http/server.go:3290 +0x4b4
2024/10/18 15:31:44 server.go:3418: http: panic serving 172.21.0.1:48262: runtime error: index out of range [2] with length 2
goroutine 5 [running]:
net/http.(*conn).serve.func1()
	/usr/local/go/src/net/http/server.go:1903 +0xbe
panic({0x7ed880?, 0xc00014c5e8?})
	/usr/local/go/src/runtime/panic.go:770 +0x132
udemy-todo-app/app/controllers.StartMainServer.parseURL.func1({0x8ba6f0, 0xc0001d8620}, 0xc0001f4900)
	/app/app/controllers/server.go:43 +0xcf
net/http.HandlerFunc.ServeHTTP(0xb3c400?, {0x8ba6f0?, 0xc0001d8620?}, 0x6ae25a?)
	/usr/local/go/src/net/http/server.go:2171 +0x29
net/http.(*ServeMux).ServeHTTP(0x46bdb9?, {0x8ba6f0, 0xc0001d8620}, 0xc0001f4900)
	/usr/local/go/src/net/http/server.go:2688 +0x1ad
net/http.serverHandler.ServeHTTP({0xc0000a4090?}, {0x8ba6f0?, 0xc0001d8620?}, 0x6?)
	/usr/local/go/src/net/http/server.go:3142 +0x8e
net/http.(*conn).serve(0xc0000a6000, {0x8bb120, 0xc00021ca80})
	/usr/local/go/src/net/http/server.go:2044 +0x5e8
created by net/http.(*Server).Serve in goroutine 1
	/usr/local/go/src/net/http/server.go:3290 +0x4b4
2024/10/18 15:31:44 server.go:3418: http: panic serving 172.21.0.1:42128: runtime error: index out of range [2] with length 2
goroutine 27 [running]:
net/http.(*conn).serve.func1()
	/usr/local/go/src/net/http/server.go:1903 +0xbe
panic({0x7ed880?, 0xc00014c630?})
	/usr/local/go/src/runtime/panic.go:770 +0x132
udemy-todo-app/app/controllers.StartMainServer.parseURL.func1({0x8ba6f0, 0xc0001d87e0}, 0xc0001f4a20)
	/app/app/controllers/server.go:43 +0xcf
net/http.HandlerFunc.ServeHTTP(0xb3c400?, {0x8ba6f0?, 0xc0001d87e0?}, 0x6ae25a?)
	/usr/local/go/src/net/http/server.go:2171 +0x29
net/http.(*ServeMux).ServeHTTP(0x46bdb9?, {0x8ba6f0, 0xc0001d87e0}, 0xc0001f4a20)
	/usr/local/go/src/net/http/server.go:2688 +0x1ad
net/http.serverHandler.ServeHTTP({0xc0001fa390?}, {0x8ba6f0?, 0xc0001d87e0?}, 0x6?)
	/usr/local/go/src/net/http/server.go:3142 +0x8e
net/http.(*conn).serve(0xc0001d47e0, {0x8bb120, 0xc00021ca80})
	/usr/local/go/src/net/http/server.go:2044 +0x5e8
created by net/http.(*Server).Serve in goroutine 1
	/usr/local/go/src/net/http/server.go:3290 +0x4b4
2024/10/20 05:50:47 server.go:3418: http: panic serving 192.168.64.1:34322: runtime error: invalid memory address or nil pointer dereference
goroutine 6 [running]:
net/http.(*conn).serve.func1()
	/usr/local/go/src/net/http/server.go:1903 +0xbe
panic({0x797e80?, 0xaea500?})
	/usr/local/go/src/runtime/panic.go:770 +0x132
udemy-todo-app/app/models.(*User).Insert(0xc000206090, {0x8a38f8, 0xc00021e000}, {0x0, 0x0}, {0xc000204005?, {0x0?, 0xc000206000?, 0xc0000219f8?}})
	/app/app/models/users.go:579 +0xc3c
udemy-todo-app/app/controllers.signUp({0x8a3170, 0xc000222000}, 0xc000202000)
	/app/app/controllers/route_auth.go:62 +0x3a5
net/http.HandlerFunc.ServeHTTP(0xafbd60?, {0x8a3170?, 0xc000222000?}, 0x10?)
	/usr/local/go/src/net/http/server.go:2171 +0x29
net/http.(*ServeMux).ServeHTTP(0x413665?, {0x8a3170, 0xc000222000}, 0xc000202000)
	/usr/local/go/src/net/http/server.go:2688 +0x1ad
net/http.serverHandler.ServeHTTP({0x8a21f8?}, {0x8a3170?, 0xc000222000?}, 0x6?)
	/usr/local/go/src/net/http/server.go:3142 +0x8e
net/http.(*conn).serve(0xc0000e2480, {0x8a38c0, 0xc0001a5290})
	/usr/local/go/src/net/http/server.go:2044 +0x5e8
created by net/http.(*Server).Serve in goroutine 1
	/usr/local/go/src/net/http/server.go:3290 +0x4b4
2024/10/20 05:50:47 server.go:3418: http: panic serving 192.168.64.1:44028: runtime error: invalid memory address or nil pointer dereference
goroutine 19 [running]:
net/http.(*conn).serve.func1()
	/usr/local/go/src/net/http/server.go:1903 +0xbe
panic({0x797e80?, 0xaea500?})
	/usr/local/go/src/runtime/panic.go:770 +0x132
udemy-todo-app/app/models.(*User).Insert(0xc0002062d0, {0x8a38f8, 0xc00021e140}, {0x0, 0x0}, {0xc00020410d?, {0x0?, 0xc0002061b0?, 0xc0000769f8?}})
	/app/app/models/users.go:579 +0xc3c
udemy-todo-app/app/controllers.signUp({0x8a3170, 0xc0002221c0}, 0xc000202120)
	/app/app/controllers/route_auth.go:62 +0x3a5
net/http.HandlerFunc.ServeHTTP(0xafbd60?, {0x8a3170?, 0xc0002221c0?}, 0x10?)
	/usr/local/go/src/net/http/server.go:2171 +0x29
net/http.(*ServeMux).ServeHTTP(0x413665?, {0x8a3170, 0xc0002221c0}, 0xc000202120)
	/usr/local/go/src/net/http/server.go:2688 +0x1ad
net/http.serverHandler.ServeHTTP({0x8a21f8?}, {0x8a3170?, 0xc0002221c0?}, 0x6?)
	/usr/local/go/src/net/http/server.go:3142 +0x8e
net/http.(*conn).serve(0xc000206120, {0x8a38c0, 0xc0001a5290})
	/usr/local/go/src/net/http/server.go:2044 +0x5e8
created by net/http.(*Server).Serve in goroutine 1
	/usr/local/go/src/net/http/server.go:3290 +0x4b4
2024/10/20 05:56:42 server.go:3418: http: panic serving 192.168.64.1:44480: runtime error: invalid memory address or nil pointer dereference
goroutine 21 [running]:
net/http.(*conn).serve.func1()
	/usr/local/go/src/net/http/server.go:1903 +0xbe
panic({0x797e80?, 0xaea500?})
	/usr/local/go/src/runtime/panic.go:770 +0x132
udemy-todo-app/app/models.(*User).Insert(0xc000206510, {0x8a38f8, 0xc00021e230}, {0x0, 0x0}, {0xc0002041fd?, {0x0?, 0xc0002063f0?, 0xc0000769f8?}})
	/app/app/models/users.go:579 +0xc3c
udemy-todo-app/app/controllers.signUp({0x8a3170, 0xc000222380}, 0xc000202240)
	/app/app/controllers/route_auth.go:62 +0x3a5
net/http.HandlerFunc.ServeHTTP(0xafbd60?, {0x8a3170?, 0xc000222380?}, 0x10?)
	/usr/local/go/src/net/http/server.go:2171 +0x29
net/http.(*ServeMux).ServeHTTP(0x413665?, {0x8a3170, 0xc000222380}, 0xc000202240)
	/usr/local/go/src/net/http/server.go:2688 +0x1ad
net/http.serverHandler.ServeHTTP({0x8a21f8?}, {0x8a3170?, 0xc000222380?}, 0x6?)
	/usr/local/go/src/net/http/server.go:3142 +0x8e
net/http.(*conn).serve(0xc000206360, {0x8a38c0, 0xc0001a5290})
	/usr/local/go/src/net/http/server.go:2044 +0x5e8
created by net/http.(*Server).Serve in goroutine 1
	/usr/local/go/src/net/http/server.go:3290 +0x4b4
2024/10/20 05:57:02 server.go:3418: http: panic serving 192.168.64.1:44496: runtime error: invalid memory address or nil pointer dereference
goroutine 23 [running]:
net/http.(*conn).serve.func1()
	/usr/local/go/src/net/http/server.go:1903 +0xbe
panic({0x797e80?, 0xaea500?})
	/usr/local/go/src/runtime/panic.go:770 +0x132
udemy-todo-app/app/models.(*User).Insert(0xc000116090, {0x8a38f8, 0xc00010e050}, {0x0, 0x0}, {0xc000114005?, {0x0?, 0xc000116000?, 0xc0000d99f8?}})
	/app/app/models/users.go:579 +0xc3c
udemy-todo-app/app/controllers.signUp({0x8a3170, 0xc000132000}, 0xc000112000)
	/app/app/controllers/route_auth.go:62 +0x3a5
net/http.HandlerFunc.ServeHTTP(0xafbd60?, {0x8a3170?, 0xc000132000?}, 0x10?)
	/usr/local/go/src/net/http/server.go:2171 +0x29
net/http.(*ServeMux).ServeHTTP(0x413665?, {0x8a3170, 0xc000132000}, 0xc000112000)
	/usr/local/go/src/net/http/server.go:2688 +0x1ad
net/http.serverHandler.ServeHTTP({0x8a21f8?}, {0x8a3170?, 0xc000132000?}, 0x6?)
	/usr/local/go/src/net/http/server.go:3142 +0x8e
net/http.(*conn).serve(0xc0002065a0, {0x8a38c0, 0xc0001a5290})
	/usr/local/go/src/net/http/server.go:2044 +0x5e8
created by net/http.(*Server).Serve in goroutine 1
	/usr/local/go/src/net/http/server.go:3290 +0x4b4
2024/10/20 05:57:02 server.go:3418: http: panic serving 192.168.64.1:44412: runtime error: invalid memory address or nil pointer dereference
goroutine 35 [running]:
net/http.(*conn).serve.func1()
	/usr/local/go/src/net/http/server.go:1903 +0xbe
panic({0x797e80?, 0xaea500?})
	/usr/local/go/src/runtime/panic.go:770 +0x132
udemy-todo-app/app/models.(*User).Insert(0xc0001162d0, {0x8a38f8, 0xc00010e140}, {0x0, 0x0}, {0xc00011410d?, {0x0?, 0xc0001161b0?, 0xc00016c9f8?}})
	/app/app/models/users.go:579 +0xc3c
udemy-todo-app/app/controllers.signUp({0x8a3170, 0xc0001321c0}, 0xc000112120)
	/app/app/controllers/route_auth.go:62 +0x3a5
net/http.HandlerFunc.ServeHTTP(0xafbd60?, {0x8a3170?, 0xc0001321c0?}, 0x10?)
	/usr/local/go/src/net/http/server.go:2171 +0x29
net/http.(*ServeMux).ServeHTTP(0x413665?, {0x8a3170, 0xc0001321c0}, 0xc000112120)
	/usr/local/go/src/net/http/server.go:2688 +0x1ad
net/http.serverHandler.ServeHTTP({0x8a21f8?}, {0x8a3170?, 0xc0001321c0?}, 0x6?)
	/usr/local/go/src/net/http/server.go:3142 +0x8e
net/http.(*conn).serve(0xc000116120, {0x8a38c0, 0xc0001a5290})
	/usr/local/go/src/net/http/server.go:2044 +0x5e8
created by net/http.(*Server).Serve in goroutine 1
	/usr/local/go/src/net/http/server.go:3290 +0x4b4
2024/10/20 05:57:08 main.go:14: sql: unknown driver "postgres" (forgotten import?)
2024/10/20 05:57:09 main.go:14: sql: unknown driver "postgres" (forgotten import?)
2024/10/20 05:57:10 main.go:14: sql: unknown driver "postgres" (forgotten import?)
2024/10/20 05:57:11 main.go:14: sql: unknown driver "postgres" (forgotten import?)
2024/10/20 05:57:12 main.go:14: sql: unknown driver "postgres" (forgotten import?)
2024/10/20 05:57:14 main.go:14: sql: unknown driver "postgres" (forgotten import?)
2024/10/20 05:57:18 main.go:14: sql: unknown driver "postgres" (forgotten import?)
2024/10/20 05:57:25 main.go:14: sql: unknown driver "postgres" (forgotten import?)
2024/10/20 05:57:38 main.go:14: sql: unknown driver "postgres" (forgotten import?)
2024/10/20 05:58:04 main.go:14: sql: unknown driver "postgres" (forgotten import?)
2024/10/20 05:58:23 main.go:14: sql: unknown driver "postgres" (forgotten import?)
2024/10/20 05:58:25 main.go:14: sql: unknown driver "postgres" (forgotten import?)
2024/10/20 05:58:26 main.go:14: sql: unknown driver "postgres" (forgotten import?)
2024/10/20 05:58:27 main.go:14: sql: unknown driver "postgres" (forgotten import?)
2024/10/20 05:58:28 main.go:14: sql: unknown driver "postgres" (forgotten import?)
2024/10/20 05:58:30 main.go:14: sql: unknown driver "postgres" (forgotten import?)
2024/10/20 05:58:34 main.go:14: sql: unknown driver "postgres" (forgotten import?)
2024/10/20 05:58:41 main.go:14: sql: unknown driver "postgres" (forgotten import?)
2024/10/20 06:00:12 server.go:3418: http: panic serving 192.168.64.1:39958: runtime error: invalid memory address or nil pointer dereference
goroutine 6 [running]:
net/http.(*conn).serve.func1()
	/usr/local/go/src/net/http/server.go:1903 +0xbe
panic({0x797e80?, 0xaea500?})
	/usr/local/go/src/runtime/panic.go:770 +0x132
udemy-todo-app/app/models.(*User).Insert(0xc000114090, {0x8a38f8, 0xc00012c000}, {0x0, 0x0}, {0xc000112005?, {0x0?, 0xc000114000?, 0xc0000df9f8?}})
	/app/app/models/users.go:579 +0xc3c
udemy-todo-app/app/controllers.signUp({0x8a3170, 0xc000130000}, 0xc000110000)
	/app/app/controllers/route_auth.go:38 +0x3a5
net/http.HandlerFunc.ServeHTTP(0xafbd60?, {0x8a3170?, 0xc000130000?}, 0x10?)
	/usr/local/go/src/net/http/server.go:2171 +0x29
net/http.(*ServeMux).ServeHTTP(0x413665?, {0x8a3170, 0xc000130000}, 0xc000110000)
	/usr/local/go/src/net/http/server.go:2688 +0x1ad
net/http.serverHandler.ServeHTTP({0x8a21f8?}, {0x8a3170?, 0xc000130000?}, 0x6?)
	/usr/local/go/src/net/http/server.go:3142 +0x8e
net/http.(*conn).serve(0xc0000e2480, {0x8a38c0, 0xc0001a5290})
	/usr/local/go/src/net/http/server.go:2044 +0x5e8
created by net/http.(*Server).Serve in goroutine 1
	/usr/local/go/src/net/http/server.go:3290 +0x4b4
2024/10/20 06:00:12 server.go:3418: http: panic serving 192.168.64.1:58476: runtime error: invalid memory address or nil pointer dereference
goroutine 35 [running]:
net/http.(*conn).serve.func1()
	/usr/local/go/src/net/http/server.go:1903 +0xbe
panic({0x797e80?, 0xaea500?})
	/usr/local/go/src/runtime/panic.go:770 +0x132
udemy-todo-app/app/models.(*User).Insert(0xc0001142d0, {0x8a38f8, 0xc00012c140}, {0x0, 0x0}, {0xc00011210d?, {0x0?, 0xc0001141b0?, 0xc0000769f8?}})
	/app/app/models/users.go:579 +0xc3c
udemy-todo-app/app/controllers.signUp({0x8a3170, 0xc0001301c0}, 0xc000110120)
	/app/app/controllers/route_auth.go:38 +0x3a5
net/http.HandlerFunc.ServeHTTP(0xafbd60?, {0x8a3170?, 0xc0001301c0?}, 0x10?)
	/usr/local/go/src/net/http/server.go:2171 +0x29
net/http.(*ServeMux).ServeHTTP(0x413665?, {0x8a3170, 0xc0001301c0}, 0xc000110120)
	/usr/local/go/src/net/http/server.go:2688 +0x1ad
net/http.serverHandler.ServeHTTP({0x8a21f8?}, {0x8a3170?, 0xc0001301c0?}, 0x6?)
	/usr/local/go/src/net/http/server.go:3142 +0x8e
net/http.(*conn).serve(0xc000114120, {0x8a38c0, 0xc0001a5290})
	/usr/local/go/src/net/http/server.go:2044 +0x5e8
created by net/http.(*Server).Serve in goroutine 1
	/usr/local/go/src/net/http/server.go:3290 +0x4b4
2024/10/20 06:01:02 server.go:3418: http: panic serving 192.168.64.1:55802: runtime error: invalid memory address or nil pointer dereference
goroutine 37 [running]:
net/http.(*conn).serve.func1()
	/usr/local/go/src/net/http/server.go:1903 +0xbe
panic({0x797e80?, 0xaea500?})
	/usr/local/go/src/runtime/panic.go:770 +0x132
udemy-todo-app/app/models.(*User).Insert(0xc000206120, {0x8a38f8, 0xc00021a140}, {0x0, 0x0}, {0xc00020407d?, {0x0?, 0xc000206090?, 0xc0000df9f8?}})
	/app/app/models/users.go:579 +0xc3c
udemy-todo-app/app/controllers.signUp({0x8a3170, 0xc00021e0e0}, 0xc0002027e0)
	/app/app/controllers/route_auth.go:38 +0x3a5
net/http.HandlerFunc.ServeHTTP(0xafbd60?, {0x8a3170?, 0xc00021e0e0?}, 0x10?)
	/usr/local/go/src/net/http/server.go:2171 +0x29
net/http.(*ServeMux).ServeHTTP(0x413665?, {0x8a3170, 0xc00021e0e0}, 0xc0002027e0)
	/usr/local/go/src/net/http/server.go:2688 +0x1ad
net/http.serverHandler.ServeHTTP({0x8a21f8?}, {0x8a3170?, 0xc00021e0e0?}, 0x6?)
	/usr/local/go/src/net/http/server.go:3142 +0x8e
net/http.(*conn).serve(0xc000114360, {0x8a38c0, 0xc0001a5290})
	/usr/local/go/src/net/http/server.go:2044 +0x5e8
created by net/http.(*Server).Serve in goroutine 1
	/usr/local/go/src/net/http/server.go:3290 +0x4b4
2024/10/20 06:01:02 server.go:3418: http: panic serving 192.168.64.1:36336: runtime error: invalid memory address or nil pointer dereference
goroutine 20 [running]:
net/http.(*conn).serve.func1()
	/usr/local/go/src/net/http/server.go:1903 +0xbe
panic({0x797e80?, 0xaea500?})
	/usr/local/go/src/runtime/panic.go:770 +0x132
udemy-todo-app/app/models.(*User).Insert(0xc000206360, {0x8a38f8, 0xc00021a230}, {0x0, 0x0}, {0xc00020416d?, {0x0?, 0xc000206240?, 0xc0002689f8?}})
	/app/app/models/users.go:579 +0xc3c
udemy-todo-app/app/controllers.signUp({0x8a3170, 0xc00021e2a0}, 0xc000202900)
	/app/app/controllers/route_auth.go:38 +0x3a5
net/http.HandlerFunc.ServeHTTP(0xafbd60?, {0x8a3170?, 0xc00021e2a0?}, 0x10?)
	/usr/local/go/src/net/http/server.go:2171 +0x29
net/http.(*ServeMux).ServeHTTP(0x413665?, {0x8a3170, 0xc00021e2a0}, 0xc000202900)
	/usr/local/go/src/net/http/server.go:2688 +0x1ad
net/http.serverHandler.ServeHTTP({0x8a21f8?}, {0x8a3170?, 0xc00021e2a0?}, 0x6?)
	/usr/local/go/src/net/http/server.go:3142 +0x8e
net/http.(*conn).serve(0xc0002061b0, {0x8a38c0, 0xc0001a5290})
	/usr/local/go/src/net/http/server.go:2044 +0x5e8
created by net/http.(*Server).Serve in goroutine 1
	/usr/local/go/src/net/http/server.go:3290 +0x4b4
2024/10/20 06:03:56 main.go:14: sql: unknown driver "postgres" (forgotten import?)
2024/10/20 06:05:00 main.go:14: sql: unknown driver "postgres" (forgotten import?)
2024/10/20 06:05:48 server.go:3418: http: panic serving 192.168.64.1:39432: runtime error: invalid memory address or nil pointer dereference
goroutine 22 [running]:
net/http.(*conn).serve.func1()
	/usr/local/go/src/net/http/server.go:1903 +0xbe
panic({0x797e80?, 0xaea500?})
	/usr/local/go/src/runtime/panic.go:770 +0x132
udemy-todo-app/app/models.(*User).Insert(0xc0000e27e0, {0x8a38f8, 0xc00009d2c0}, {0x0, 0x0}, {0xc00001c3f5?, {0x0?, 0xc0000e2750?, 0xc0000df9f8?}})
	/app/app/models/users.go:579 +0xc3c
udemy-todo-app/app/controllers.signUp({0x8a3170, 0xc0000e4c40}, 0xc0001dd7a0)
	/app/app/controllers/route_auth.go:38 +0x3a5
net/http.HandlerFunc.ServeHTTP(0xafbd60?, {0x8a3170?, 0xc0000e4c40?}, 0x10?)
	/usr/local/go/src/net/http/server.go:2171 +0x29
net/http.(*ServeMux).ServeHTTP(0x413665?, {0x8a3170, 0xc0000e4c40}, 0xc0001dd7a0)
	/usr/local/go/src/net/http/server.go:2688 +0x1ad
net/http.serverHandler.ServeHTTP({0x8a21f8?}, {0x8a3170?, 0xc0000e4c40?}, 0x6?)
	/usr/local/go/src/net/http/server.go:3142 +0x8e
net/http.(*conn).serve(0xc0002063f0, {0x8a38c0, 0xc0001a5290})
	/usr/local/go/src/net/http/server.go:2044 +0x5e8
created by net/http.(*Server).Serve in goroutine 1
	/usr/local/go/src/net/http/server.go:3290 +0x4b4
2024/10/20 06:05:48 server.go:3418: http: panic serving 192.168.64.1:39748: runtime error: invalid memory address or nil pointer dereference
goroutine 11 [running]:
net/http.(*conn).serve.func1()
	/usr/local/go/src/net/http/server.go:1903 +0xbe
panic({0x797e80?, 0xaea500?})
	/usr/local/go/src/runtime/panic.go:770 +0x132
udemy-todo-app/app/models.(*User).Insert(0xc0000e2a20, {0x8a38f8, 0xc00009d3b0}, {0x0, 0x0}, {0xc00001c4e5?, {0x0?, 0xc0000e2900?, 0xc00007b9f8?}})
	/app/app/models/users.go:579 +0xc3c
udemy-todo-app/app/controllers.signUp({0x8a3170, 0xc0000e4e00}, 0xc0001dd8c0)
	/app/app/controllers/route_auth.go:38 +0x3a5
net/http.HandlerFunc.ServeHTTP(0xafbd60?, {0x8a3170?, 0xc0000e4e00?}, 0x10?)
	/usr/local/go/src/net/http/server.go:2171 +0x29
net/http.(*ServeMux).ServeHTTP(0x413665?, {0x8a3170, 0xc0000e4e00}, 0xc0001dd8c0)
	/usr/local/go/src/net/http/server.go:2688 +0x1ad
net/http.serverHandler.ServeHTTP({0x8a21f8?}, {0x8a3170?, 0xc0000e4e00?}, 0x6?)
	/usr/local/go/src/net/http/server.go:3142 +0x8e
net/http.(*conn).serve(0xc0000e2870, {0x8a38c0, 0xc0001a5290})
	/usr/local/go/src/net/http/server.go:2044 +0x5e8
created by net/http.(*Server).Serve in goroutine 1
	/usr/local/go/src/net/http/server.go:3290 +0x4b4
2024/10/20 06:06:01 server.go:3418: http: panic serving 192.168.64.1:39754: runtime error: invalid memory address or nil pointer dereference
goroutine 13 [running]:
net/http.(*conn).serve.func1()
	/usr/local/go/src/net/http/server.go:1903 +0xbe
panic({0x797e80?, 0xaea500?})
	/usr/local/go/src/runtime/panic.go:770 +0x132
udemy-todo-app/app/models.(*User).Insert(0xc0000e2cf0, {0x8a38f8, 0xc00009d590}, {0x0, 0x0}, {0xc00001c61d?, {0x0?, 0xc0000e2c60?, 0xc0000df9f8?}})
	/app/app/models/users.go:579 +0xc3c
udemy-todo-app/app/controllers.signUp({0x8a3170, 0xc0000e50a0}, 0xc0001fa360)
	/app/app/controllers/route_auth.go:38 +0x3a5
net/http.HandlerFunc.ServeHTTP(0xafbd60?, {0x8a3170?, 0xc0000e50a0?}, 0x10?)
	/usr/local/go/src/net/http/server.go:2171 +0x29
net/http.(*ServeMux).ServeHTTP(0x413665?, {0x8a3170, 0xc0000e50a0}, 0xc0001fa360)
	/usr/local/go/src/net/http/server.go:2688 +0x1ad
net/http.serverHandler.ServeHTTP({0x8a21f8?}, {0x8a3170?, 0xc0000e50a0?}, 0x6?)
	/usr/local/go/src/net/http/server.go:3142 +0x8e
net/http.(*conn).serve(0xc0000e2ab0, {0x8a38c0, 0xc0001a5290})
	/usr/local/go/src/net/http/server.go:2044 +0x5e8
created by net/http.(*Server).Serve in goroutine 1
	/usr/local/go/src/net/http/server.go:3290 +0x4b4
2024/10/20 06:06:01 server.go:3418: http: panic serving 192.168.64.1:50944: runtime error: invalid memory address or nil pointer dereference
goroutine 16 [running]:
net/http.(*conn).serve.func1()
	/usr/local/go/src/net/http/server.go:1903 +0xbe
panic({0x797e80?, 0xaea500?})
	/usr/local/go/src/runtime/panic.go:770 +0x132
udemy-todo-app/app/models.(*User).Insert(0xc0000e2f30, {0x8a38f8, 0xc00009d680}, {0x0, 0x0}, {0xc00001c70d?, {0x0?, 0xc0000e2e10?, 0xc00007b9f8?}})
	/app/app/models/users.go:579 +0xc3c
udemy-todo-app/app/controllers.signUp({0x8a3170, 0xc0000e5260}, 0xc0001fa480)
	/app/app/controllers/route_auth.go:38 +0x3a5
net/http.HandlerFunc.ServeHTTP(0xafbd60?, {0x8a3170?, 0xc0000e5260?}, 0x10?)
	/usr/local/go/src/net/http/server.go:2171 +0x29
net/http.(*ServeMux).ServeHTTP(0x413665?, {0x8a3170, 0xc0000e5260}, 0xc0001fa480)
	/usr/local/go/src/net/http/server.go:2688 +0x1ad
net/http.serverHandler.ServeHTTP({0x8a21f8?}, {0x8a3170?, 0xc0000e5260?}, 0x6?)
	/usr/local/go/src/net/http/server.go:3142 +0x8e
net/http.(*conn).serve(0xc0000e2d80, {0x8a38c0, 0xc0001a5290})
	/usr/local/go/src/net/http/server.go:2044 +0x5e8
created by net/http.(*Server).Serve in goroutine 1
	/usr/local/go/src/net/http/server.go:3290 +0x4b4
2024/10/20 06:08:35 server.go:3418: http: panic serving 192.168.64.1:60944: runtime error: invalid memory address or nil pointer dereference
goroutine 51 [running]:
net/http.(*conn).serve.func1()
	/usr/local/go/src/net/http/server.go:1903 +0xbe
panic({0x797e80?, 0xaea500?})
	/usr/local/go/src/runtime/panic.go:770 +0x132
udemy-todo-app/app/models.(*User).Insert(0xc0001146c0, {0x8a38f8, 0xc00012c4b0}, {0x0, 0x0}, {0xc0001122ed?, {0x0?, 0xc000114630?, 0xc0000df9f8?}})
	/app/app/models/users.go:579 +0xc3c
udemy-todo-app/app/controllers.signUp({0x8a3170, 0xc000130620}, 0xc000111b00)
	/app/app/controllers/route_auth.go:38 +0x3a5
net/http.HandlerFunc.ServeHTTP(0xafbd60?, {0x8a3170?, 0xc000130620?}, 0x10?)
	/usr/local/go/src/net/http/server.go:2171 +0x29
net/http.(*ServeMux).ServeHTTP(0x413665?, {0x8a3170, 0xc000130620}, 0xc000111b00)
	/usr/local/go/src/net/http/server.go:2688 +0x1ad
net/http.serverHandler.ServeHTTP({0x8a21f8?}, {0x8a3170?, 0xc000130620?}, 0x6?)
	/usr/local/go/src/net/http/server.go:3142 +0x8e
net/http.(*conn).serve(0xc0000e2fc0, {0x8a38c0, 0xc0001a5290})
	/usr/local/go/src/net/http/server.go:2044 +0x5e8
created by net/http.(*Server).Serve in goroutine 1
	/usr/local/go/src/net/http/server.go:3290 +0x4b4
2024/10/20 06:08:35 server.go:3418: http: panic serving 192.168.64.1:36918: runtime error: invalid memory address or nil pointer dereference
goroutine 42 [running]:
net/http.(*conn).serve.func1()
	/usr/local/go/src/net/http/server.go:1903 +0xbe
panic({0x797e80?, 0xaea500?})
	/usr/local/go/src/runtime/panic.go:770 +0x132
udemy-todo-app/app/models.(*User).Insert(0xc000114900, {0x8a38f8, 0xc00012c5a0}, {0x0, 0x0}, {0xc0001123dd?, {0x0?, 0xc0001147e0?, 0xc0000769f8?}})
	/app/app/models/users.go:579 +0xc3c
udemy-todo-app/app/controllers.signUp({0x8a3170, 0xc0001307e0}, 0xc000111c20)
	/app/app/controllers/route_auth.go:38 +0x3a5
net/http.HandlerFunc.ServeHTTP(0xafbd60?, {0x8a3170?, 0xc0001307e0?}, 0x10?)
	/usr/local/go/src/net/http/server.go:2171 +0x29
net/http.(*ServeMux).ServeHTTP(0x413665?, {0x8a3170, 0xc0001307e0}, 0xc000111c20)
	/usr/local/go/src/net/http/server.go:2688 +0x1ad
net/http.serverHandler.ServeHTTP({0x8a21f8?}, {0x8a3170?, 0xc0001307e0?}, 0x6?)
	/usr/local/go/src/net/http/server.go:3142 +0x8e
net/http.(*conn).serve(0xc000114750, {0x8a38c0, 0xc0001a5290})
	/usr/local/go/src/net/http/server.go:2044 +0x5e8
created by net/http.(*Server).Serve in goroutine 1
	/usr/local/go/src/net/http/server.go:3290 +0x4b4
2024/10/20 06:08:57 route_auth.go:47: Failed to get database connection
2024/10/20 06:10:08 main.go:34: Database connection established
2024/10/20 06:10:24 route_auth.go:41: Failed to get database connection
2024/10/20 06:11:42 main.go:37: Database connection established
2024/10/20 06:11:50 route_auth.go:41: Failed to get database connection
2024/10/20 06:21:30 db.go:22: Database connection established
2024/10/20 06:21:50 route_auth.go:41: Failed to get database connection
2024/10/20 06:21:58 db.go:22: Database connection established
2024/10/20 06:22:06 route_auth.go:41: models: unable to insert into users: pq: relation "users" does not exist
2024/10/20 06:23:09 db.go:22: Database connection established
2024/10/20 06:23:22 route_auth.go:41: models: unable to insert into users: pq: relation "users" does not exist
2024/10/20 06:31:50 db.go:22: Database connection established
2024/10/20 06:32:31 route_auth.go:41: models: unable to insert into users: pq: duplicate key value violates unique constraint "users_email_key"
2024/10/20 06:34:21 db.go:22: Database connection established
2024/10/20 06:35:09 db.go:22: Database connection established
2024/10/20 07:22:18 db.go:22: Database connection established
2024/10/20 07:27:24 db.go:22: Database connection established
2024/10/20 07:29:43 db.go:22: Database connection established
2024/10/20 07:30:00 route_auth.go:50: models: unable to insert into users: pq: duplicate key value violates unique constraint "users_email_key"
2024/10/20 07:35:19 db.go:22: Database connection established
2024/10/20 07:35:20 route_auth.go:34: FlashError: [], FlashSuccess: []
2024/10/20 07:35:22 route_auth.go:34: FlashError: [], FlashSuccess: []
2024/10/20 07:35:31 route_auth.go:51: models: unable to insert into users: pq: duplicate key value violates unique constraint "users_email_key"
2024/10/20 07:35:31 route_auth.go:34: FlashError: [], FlashSuccess: []
2024/10/20 07:36:14 db.go:22: Database connection established
2024/10/20 07:36:16 route_auth.go:34: FlashError: [], FlashSuccess: []
2024/10/20 07:36:28 route_auth.go:51: models: unable to insert into users: pq: duplicate key value violates unique constraint "users_email_key"
2024/10/20 07:36:28 route_auth.go:34: FlashError: [], FlashSuccess: []
2024/10/20 07:39:32 db.go:22: Database connection established
2024/10/20 07:39:33 sessions.go:27: Flashes retrieved for key: flash-error []
2024/10/20 07:39:33 sessions.go:27: Flashes retrieved for key: flash-success []
2024/10/20 07:39:33 route_auth.go:34: FlashError: [], FlashSuccess: []
2024/10/20 07:39:44 route_auth.go:51: Error occurred while inserting user: models: unable to insert into users: pq: duplicate key value violates unique constraint "users_email_key"
2024/10/20 07:39:44 sessions.go:19: key: %s, value: %s flash-error ユーザーの作成に失敗しました
2024/10/20 07:39:44 sessions.go:27: Flashes retrieved for key: flash-error []
2024/10/20 07:39:44 sessions.go:27: Flashes retrieved for key: flash-success []
2024/10/20 07:39:44 route_auth.go:34: FlashError: [], FlashSuccess: []
2024/10/20 07:40:01 db.go:22: Database connection established
2024/10/20 07:40:11 route_auth.go:51: Error occurred while inserting user: models: unable to insert into users: pq: duplicate key value violates unique constraint "users_email_key"
2024/10/20 07:40:11 sessions.go:19: key: flash-error, value: ユーザーの作成に失敗しました
2024/10/20 07:40:11 sessions.go:27: Flashes retrieved for key: flash-error []
2024/10/20 07:40:11 sessions.go:27: Flashes retrieved for key: flash-success []
2024/10/20 07:40:11 route_auth.go:34: FlashError: [], FlashSuccess: []
2024/10/20 07:40:14 sessions.go:27: Flashes retrieved for key: flash-error []
2024/10/20 07:40:14 sessions.go:27: Flashes retrieved for key: flash-success []
2024/10/20 07:40:14 route_auth.go:34: FlashError: [], FlashSuccess: []
2024/10/20 07:40:20 route_auth.go:51: Error occurred while inserting user: models: unable to insert into users: pq: duplicate key value violates unique constraint "users_email_key"
2024/10/20 07:40:20 sessions.go:19: key: flash-error, value: ユーザーの作成に失敗しました
2024/10/20 07:40:20 sessions.go:27: Flashes retrieved for key: flash-error []
2024/10/20 07:40:20 sessions.go:27: Flashes retrieved for key: flash-success []
2024/10/20 07:40:20 route_auth.go:34: FlashError: [], FlashSuccess: []
2024/10/20 07:41:48 sessions.go:27: Flashes retrieved for key: flash-error []
2024/10/20 07:41:48 sessions.go:27: Flashes retrieved for key: flash-success []
2024/10/20 07:41:48 route_auth.go:34: FlashError: [], FlashSuccess: []
2024/10/20 07:41:51 db.go:22: Database connection established
2024/10/20 07:41:59 route_auth.go:51: Error occurred while inserting user: models: unable to insert into users: pq: duplicate key value violates unique constraint "users_email_key"
2024/10/20 07:41:59 sessions.go:19: key: flash-error, value: ユーザーの作成に失敗しました
2024/10/20 07:41:59 sessions.go:27: Flashes retrieved for key: flash-error [ユーザーの作成に失敗しました]
2024/10/20 07:41:59 sessions.go:27: Flashes retrieved for key: flash-success []
2024/10/20 07:41:59 route_auth.go:34: FlashError: [ユーザーの作成に失敗しました], FlashSuccess: []
2024/10/20 07:42:24 sessions.go:27: Flashes retrieved for key: flash-error []
2024/10/20 07:42:24 sessions.go:27: Flashes retrieved for key: flash-success []
2024/10/20 07:42:24 route_auth.go:34: FlashError: [], FlashSuccess: []
2024/10/20 07:42:32 route_auth.go:51: Error occurred while inserting user: models: unable to insert into users: pq: duplicate key value violates unique constraint "users_email_key"
2024/10/20 07:42:32 sessions.go:19: key: flash-error, value: ユーザーの作成に失敗しました
2024/10/20 07:42:32 sessions.go:27: Flashes retrieved for key: flash-error [ユーザーの作成に失敗しました]
2024/10/20 07:42:32 sessions.go:27: Flashes retrieved for key: flash-success []
2024/10/20 07:42:32 route_auth.go:34: FlashError: [ユーザーの作成に失敗しました], FlashSuccess: []
2024/10/20 07:42:41 sessions.go:27: Flashes retrieved for key: flash-error []
2024/10/20 07:42:41 sessions.go:27: Flashes retrieved for key: flash-success []
2024/10/20 07:42:41 route_auth.go:34: FlashError: [], FlashSuccess: []
2024/10/20 07:42:48 sessions.go:19: key: flash-success, value: 新規登録しました
2024/10/20 07:43:27 sessions.go:27: Flashes retrieved for key: flash-error []
2024/10/20 07:43:27 sessions.go:27: Flashes retrieved for key: flash-success [新規登録しました]
2024/10/20 07:43:27 route_auth.go:34: FlashError: [], FlashSuccess: [新規登録しました]
2024/10/20 07:43:35 sessions.go:27: Flashes retrieved for key: flash-error []
2024/10/20 07:43:35 sessions.go:27: Flashes retrieved for key: flash-success []
2024/10/20 07:43:35 route_auth.go:34: FlashError: [], FlashSuccess: []
2024/10/20 07:43:38 sessions.go:27: Flashes retrieved for key: flash-error []
2024/10/20 07:43:38 sessions.go:27: Flashes retrieved for key: flash-success []
2024/10/20 07:43:38 route_auth.go:34: FlashError: [], FlashSuccess: []
2024/10/20 07:43:47 sessions.go:27: Flashes retrieved for key: flash-error []
2024/10/20 07:43:47 sessions.go:27: Flashes retrieved for key: flash-success []
2024/10/20 07:43:47 route_auth.go:34: FlashError: [], FlashSuccess: []
2024/10/20 07:43:51 sessions.go:27: Flashes retrieved for key: flash-error []
2024/10/20 07:43:51 sessions.go:27: Flashes retrieved for key: flash-success []
2024/10/20 07:43:51 route_auth.go:34: FlashError: [], FlashSuccess: []
2024/10/20 07:44:00 sessions.go:19: key: flash-success, value: 新規登録しました
2024/10/20 08:06:32 db.go:22: Database connection established
2024/10/20 08:08:08 db.go:22: Database connection established
